<?xml version="1.0" encoding="UTF-8"?>
<!-- Generated by org.testng.reporters.JUnitReportReporter -->
<testsuite hostname="DESKTOP-IBV1G5Q" failures="0" tests="1" name="bbtests.AddanitemfromcomputerstabletsPageTest" time="31.440" errors="0" timestamp="2024-09-24T07:30:42 PDT" skipped="0">
  <testcase classname="bbtests.AddanitemfromcomputerstabletsPageTest" name="addanitemfromcomputerstabletstocart" time="31.440"/>
  <system-out/>
</testsuite> <!-- bbtests.AddanitemfromcomputerstabletsPageTest -->
