<?xml version="1.0" encoding="UTF-8"?>
<!-- Generated by org.testng.reporters.JUnitReportReporter -->
<testsuite hostname="DESKTOP-IBV1G5Q" failures="0" tests="1" name="bbtests.MenuPageTest" time="8.960" errors="0" timestamp="2024-09-25T06:49:53 PDT" skipped="0">
  <testcase classname="bbtests.MenuPageTest" name="selectcategory" time="8.960"/>
  <system-out/>
</testsuite> <!-- bbtests.MenuPageTest -->
