<?xml version="1.0" encoding="UTF-8"?>
<!-- Generated by org.testng.reporters.JUnitReportReporter -->
<testsuite hostname="DESKTOP-IBV1G5Q" failures="0" tests="1" name="bbtests.HomePagebottomlinksTest" time="55.617" errors="0" timestamp="2024-09-24T06:56:25 PDT" skipped="0">
  <testcase classname="bbtests.HomePagebottomlinksTest" name="verifyhomepagebottomlinks" time="55.617"/>
  <system-out/>
</testsuite> <!-- bbtests.HomePagebottomlinksTest -->
