<?xml version="1.0" encoding="UTF-8"?>
<!-- Generated by org.testng.reporters.JUnitReportReporter -->
<testsuite hostname="DESKTOP-IBV1G5Q" failures="0" tests="1" name="bbtests.LoginPageTest" time="21.050" errors="0" timestamp="2024-09-21T10:41:14 PDT" skipped="0">
  <testcase classname="bbtests.LoginPageTest" name="createaccount" time="21.050"/>
  <system-out/>
</testsuite> <!-- bbtests.LoginPageTest -->
