<?xml version="1.0" encoding="UTF-8"?>
<!-- Generated by org.testng.reporters.JUnitReportReporter -->
<testsuite hostname="DESKTOP-IBV1G5Q" failures="0" tests="1" name="bbtests.DealsinmenuPageTest" time="125.320" errors="0" timestamp="2024-09-24T06:50:34 PDT" skipped="0">
  <testcase classname="bbtests.DealsinmenuPageTest" name="dealsvalidationoftitle" time="125.320"/>
  <system-out/>
</testsuite> <!-- bbtests.DealsinmenuPageTest -->
