<?xml version="1.0" encoding="UTF-8"?>
<!-- Generated by org.testng.reporters.JUnitReportReporter -->
<testsuite hostname="DESKTOP-IBV1G5Q" failures="0" tests="1" name="bbtests.AddanitemfromshopbydepartmentPageTest" time="28.308" errors="0" timestamp="2024-09-24T06:28:53 PDT" skipped="0">
  <testcase classname="bbtests.AddanitemfromshopbydepartmentPageTest" name="addanitemfromshopbydepartmenttocart" time="28.308"/>
  <system-out/>
</testsuite> <!-- bbtests.AddanitemfromshopbydepartmentPageTest -->
