<?xml version="1.0" encoding="UTF-8"?>
<!-- Generated by org.testng.reporters.JUnitReportReporter -->
<testsuite hostname="DESKTOP-IBV1G5Q" failures="0" tests="1" name="bbtests.WelcomePageTest" time="58.197" errors="0" timestamp="2024-09-23T00:35:42 PDT" skipped="0">
  <testcase classname="bbtests.WelcomePageTest" name="verifybottomlinks" time="58.197"/>
  <system-out/>
</testsuite> <!-- bbtests.WelcomePageTest -->
