<?xml version="1.0" encoding="UTF-8"?>
<!-- Generated by org.testng.reporters.JUnitReportReporter -->
<testsuite hostname="DESKTOP-IBV1G5Q" failures="0" tests="1" name="bbtests.ShopbydepartmentPageTest" time="33.029" errors="0" timestamp="2024-09-23T01:13:01 PDT" skipped="0">
  <testcase classname="bbtests.ShopbydepartmentPageTest" name="categoryundercategory2" time="33.029"/>
  <system-out/>
</testsuite> <!-- bbtests.ShopbydepartmentPageTest -->
