<?xml version="1.0" encoding="UTF-8"?>
<!-- Generated by org.testng.reporters.JUnitReportReporter -->
<testsuite hostname="DESKTOP-IBV1G5Q" failures="0" tests="1" name="bbtests.CreateaccountPageTest" time="20.334" errors="0" timestamp="2024-09-24T07:02:21 PDT" skipped="0">
  <testcase classname="bbtests.CreateaccountPageTest" name="createaccount" time="20.334"/>
  <system-out/>
</testsuite> <!-- bbtests.CreateaccountPageTest -->
