<?xml version="1.0" encoding="UTF-8"?>
<!-- Generated by org.testng.reporters.JUnitReportReporter -->
<testsuite hostname="DESKTOP-IBV1G5Q" failures="0" tests="1" name="bbtests.BrandsinmenuPageTest" time="122.736" errors="0" timestamp="2024-09-24T06:41:51 PDT" skipped="0">
  <testcase classname="bbtests.BrandsinmenuPageTest" name="brandsvalidationoftitle" time="122.736"/>
  <system-out/>
</testsuite> <!-- bbtests.BrandsinmenuPageTest -->
