<?xml version="1.0" encoding="UTF-8"?>
<!-- Generated by org.testng.reporters.JUnitReportReporter -->
<testsuite hostname="DESKTOP-IBV1G5Q" failures="0" tests="1" name="bbtests.BrandsPageTest" time="30.196" errors="0" timestamp="2024-09-23T01:09:58 PDT" skipped="0">
  <testcase classname="bbtests.BrandsPageTest" name="categoryundercategory1" time="30.196"/>
  <system-out/>
</testsuite> <!-- bbtests.BrandsPageTest -->
