<?xml version="1.0" encoding="UTF-8"?>
<!-- Generated by org.testng.reporters.JUnitReportReporter -->
<testsuite hostname="DESKTOP-IBV1G5Q" failures="0" tests="1" name="sjtests.SignupPageTest" time="44.020" errors="0" timestamp="2024-09-20T09:41:05 PDT" skipped="0">
  <testcase classname="sjtests.SignupPageTest" name="signup" time="44.020"/>
  <system-out/>
</testsuite> <!-- sjtests.SignupPageTest -->
