<?xml version="1.0" encoding="UTF-8"?>
<!-- Generated by org.testng.reporters.JUnitReportReporter -->
<testsuite hostname="DESKTOP-IBV1G5Q" failures="0" tests="1" name="bbtests.SearchforaddanitemPageTest" time="22.382" errors="0" timestamp="2024-09-24T07:06:31 PDT" skipped="0">
  <testcase classname="bbtests.SearchforaddanitemPageTest" name="searchforaddanitemtocart" time="22.382"/>
  <system-out/>
</testsuite> <!-- bbtests.SearchforaddanitemPageTest -->
