<?xml version="1.0" encoding="UTF-8"?>
<!-- Generated by org.testng.reporters.JUnitReportReporter -->
<testsuite hostname="DESKTOP-IBV1G5Q" failures="0" tests="1" name="bbtests.SigninPageTest" time="17.115" errors="0" timestamp="2024-09-24T07:10:38 PDT" skipped="0">
  <testcase classname="bbtests.SigninPageTest" name="signin" time="17.115"/>
  <system-out/>
</testsuite> <!-- bbtests.SigninPageTest -->
