<?xml version="1.0" encoding="UTF-8"?>
<!-- Generated by org.testng.reporters.JUnitReportReporter -->
<testsuite hostname="DESKTOP-IBV1G5Q" failures="0" tests="1" name="bbtests.AddanitemfrombrandsPageTest" time="24.278" errors="0" timestamp="2024-09-24T07:22:13 PDT" skipped="0">
  <testcase classname="bbtests.AddanitemfrombrandsPageTest" name="addanitemfrombrandstocart" time="24.278"/>
  <system-out/>
</testsuite> <!-- bbtests.AddanitemfrombrandsPageTest -->
