<?xml version="1.0" encoding="UTF-8"?>
<!-- Generated by org.testng.reporters.JUnitReportReporter -->
<testsuite hostname="DESKTOP-IBV1G5Q" failures="0" tests="1" name="bbtests.MenuPage2Test" time="109.537" errors="0" timestamp="2024-09-23T07:52:29 PDT" skipped="0">
  <testcase classname="bbtests.MenuPage2Test" name="allmenuvalidation" time="109.537"/>
  <system-out/>
</testsuite> <!-- bbtests.MenuPage2Test -->
