<?xml version="1.0" encoding="UTF-8"?>
<!-- Generated by org.testng.reporters.JUnitReportReporter -->
<testsuite hostname="DESKTOP-IBV1G5Q" failures="0" tests="1" name="bbtests.SupportservicesinmenuPageTest" time="88.265" errors="0" timestamp="2024-09-24T07:18:53 PDT" skipped="0">
  <testcase classname="bbtests.SupportservicesinmenuPageTest" name="supportservicesvalidationoftitle" time="88.265"/>
  <system-out/>
</testsuite> <!-- bbtests.SupportservicesinmenuPageTest -->
